0 info it worked if it ends with ok
1 verbose cli [ '/usr/local/bin/node',
1 verbose cli   '/usr/local/bin/npm',
1 verbose cli   'install',
1 verbose cli   'grunt-karma',
1 verbose cli   '--save' ]
2 info using npm@1.2.11
3 info using node@v0.8.21
4 verbose read json /home/omm2/Code/rotten-list/package.json
5 warn package.json rotten-list@0.0.0 No README.md file found!
6 verbose from cache /home/omm2/Code/rotten-list/package.json
7 verbose readDependencies using package.json deps
8 verbose cache add [ 'grunt-karma', null ]
9 verbose cache add name=undefined spec="grunt-karma" args=["grunt-karma",null]
10 verbose parsed url { pathname: 'grunt-karma',
10 verbose parsed url   path: 'grunt-karma',
10 verbose parsed url   href: 'grunt-karma' }
11 silly lockFile 707ccff9-grunt-karma grunt-karma
12 verbose lock grunt-karma /home/omm2/.npm/707ccff9-grunt-karma.lock
13 silly lockFile 707ccff9-grunt-karma grunt-karma
14 verbose addNamed [ 'grunt-karma', '' ]
15 verbose addNamed [ null, '' ]
16 silly lockFile 94531edb-grunt-karma grunt-karma@
17 verbose lock grunt-karma@ /home/omm2/.npm/94531edb-grunt-karma.lock
18 silly lockFile 94531edb-grunt-karma grunt-karma@
19 error Error: EACCES, open '/home/omm2/.npm/94531edb-grunt-karma.lock'
19 error  { [Error: EACCES, open '/home/omm2/.npm/94531edb-grunt-karma.lock']
19 error   errno: 3,
19 error   code: 'EACCES',
19 error   path: '/home/omm2/.npm/94531edb-grunt-karma.lock' }
20 error Please try running this command again as root/Administrator.
21 error System Linux 3.2.0-41-generic-pae
22 error command "/usr/local/bin/node" "/usr/local/bin/npm" "install" "grunt-karma" "--save"
23 error cwd /home/omm2/Code/rotten-list
24 error node -v v0.8.21
25 error npm -v 1.2.11
26 error path /home/omm2/.npm/94531edb-grunt-karma.lock
27 error code EACCES
28 error errno 3
29 error stack Error: EACCES, open '/home/omm2/.npm/94531edb-grunt-karma.lock'
30 verbose exit [ 3, true ]
